[webcoredigitals.com/index.html]
[webcoredigitals.com/assets/images/favicon.webp]
[cdnjs.cloudflare.com/ajax/libs/font-awesome/7.0.0/css/all.min.css]
[unpkg.com/boxicons@2.1.2/css/boxicons.min.css]
[cdn.jsdelivr.net/gh/michalsnik/aos@1.0.1/dist/aos.css]
[unpkg.com/aos@2.3.0/dist/aos.css]
[cdnjs.cloudflare.com/ajax/libs/fancybox/3.5.7/jquery.fancybox.min.css]
[cdn.jsdelivr.net/npm/bootstrap@5.0.1/dist/css/bootstrap.min.css]
[cdn.jsdelivr.net/npm/swiper@9/swiper-bundle.min.css]
[cdnjs.cloudflare.com/ajax/libs/OwlCarousel2/2.3.4/assets/owl.carousel.min.css]
[webcoredigitals.com/assets/css/style.css]
[webcoredigitals.com/assets/css/responsive.css]
[backblue.gif]
[fade.gif]
[index.html]
[webcoredigitals.com/assets/images/logo.png]
[webcoredigitals.com/about-us.html]
[webcoredigitals.com/services.html]
[webcoredigitals.com/logo-and-branding.html]
[webcoredigitals.com/web-design.html]
[webcoredigitals.com/animation.html]
[webcoredigitals.com/mobile-application.html]
[webcoredigitals.com/seo.html]
[webcoredigitals.com/illustration-and-art.html]
[webcoredigitals.com/content-marketing.html]
[webcoredigitals.com/bpo-services.html]
[webcoredigitals.com/video-animation.html]
[webcoredigitals.com/digital-marketing.html]
[webcoredigitals.com/portfolio.html]
[webcoredigitals.com/packages.html]
[webcoredigitals.com/blog.html]
[webcoredigitals.com/contact-us.html]
[webcoredigitals.com/assets/images/ban-arrow.png]
[webcoredigitals.com/assets/images/banner-img.png]
[webcoredigitals.com/assets/images/about-img.png]
[webcoredigitals.com/about-us-2.html]
[webcoredigitals.com/assets/images/services-head.png]
[webcoredigitals.com/assets/images/service-img1.png]
[webcoredigitals.com/logo-and-branding-2.html]
[webcoredigitals.com/assets/images/services-link.png]
[webcoredigitals.com/assets/images/hover-arrow.png]
[webcoredigitals.com/assets/images/hover-star.png]
[webcoredigitals.com/assets/images/hover-img1.png]
[webcoredigitals.com/assets/images/service-img2.png]
[webcoredigitals.com/web-design-2.html]
[webcoredigitals.com/assets/images/hover-img2.png]
[webcoredigitals.com/assets/images/service-img3.png]
[webcoredigitals.com/animation-2.html]
[webcoredigitals.com/assets/images/hover-img3.png]
[webcoredigitals.com/assets/images/service-img4.png]
[webcoredigitals.com/mobile-application-2.html]
[webcoredigitals.com/assets/images/hover-img4.png]
[webcoredigitals.com/assets/images/service-img5.png]
[webcoredigitals.com/seo-2.html]
[webcoredigitals.com/assets/images/hover-img5.png]
[webcoredigitals.com/assets/images/service-img6.png]
[webcoredigitals.com/content-marketing-2.html]
[webcoredigitals.com/assets/images/hover-img6.png]
[webcoredigitals.com/services-2.html]
[webcoredigitals.com/assets/images/choose-img.png]
[webcoredigitals.com/assets/images/portfolio/website/01.webp]
[webcoredigitals.com/assets/images/portfolio/website/02.webp]
[webcoredigitals.com/assets/images/portfolio/website/03.webp]
[webcoredigitals.com/assets/images/portfolio/website/04.webp]
[webcoredigitals.com/assets/images/portfolio/website/05.webp]
[webcoredigitals.com/assets/images/portfolio/website/06.webp]
[webcoredigitals.com/assets/images/portfolio/website/07.webp]
[webcoredigitals.com/assets/images/portfolio/website/08.webp]
[webcoredigitals.com/assets/images/portfolio/logo/01.webp]
[webcoredigitals.com/assets/images/portfolio/logo/logo-portfolio1.jpg]
[webcoredigitals.com/assets/images/portfolio/logo/03.webp]
[webcoredigitals.com/assets/images/portfolio/logo/logo-portfolio2.jpg]
[webcoredigitals.com/assets/images/portfolio/logo/logo-portfolio3.jpg]
[webcoredigitals.com/assets/images/portfolio/logo/logo-portfolio4.jpg]
[webcoredigitals.com/assets/images/portfolio/logo/07.webp]
[webcoredigitals.com/assets/images/portfolio/logo/logo-portfolio5.jpg]
[webcoredigitals.com/assets/images/portfolio/video/video1.mp4]
[webcoredigitals.com/assets/images/portfolio/video/video1-thumb.jpg]
[webcoredigitals.com/assets/images/portfolio/video/video2.mp4]
[webcoredigitals.com/assets/images/portfolio/video/video2-thumb.jpg]
[webcoredigitals.com/assets/images/portfolio/video/video3.mp4]
[webcoredigitals.com/assets/images/portfolio/video/video3-thumb.jpg]
[webcoredigitals.com/portfolio-2.html]
[webcoredigitals.com/assets/images/review-heading.png]
[webcoredigitals.com/assets/images/client-img1.png]
[webcoredigitals.com/assets/images/client-img2.png]
[webcoredigitals.com/assets/images/footer-logo.png]
[webcoredigitals.com/contact-us-2.html]
[webcoredigitals.com/termsandconditions.html]
[webcoredigitals.com/privacy-policy.html]
[cdnjs.cloudflare.com/ajax/libs/jquery/3.7.1/jquery.min.js]
[cdn.jsdelivr.net/npm/bootstrap@5.0.1/dist/js/bootstrap.bundle.min.js]
[cdn.jsdelivr.net/gh/michalsnik/aos@1.0.1/dist/aos.js]
[unpkg.com/aos@2.3.0/dist/aos.js]
[cdnjs.cloudflare.com/ajax/libs/fancybox/3.5.7/jquery.fancybox.min.js]
[cdn.jsdelivr.net/npm/swiper@9/swiper-bundle.min.js]
[cdnjs.cloudflare.com/ajax/libs/OwlCarousel2/2.3.4/owl.carousel.min.js]
[cdnjs.cloudflare.com/ajax/libs/font-awesome/7.0.0/js/fontawesome.min.js]
[webcoredigitals.com/assets/js/custom.js]
[webcoredigitals.com/index.html]
[cdnjs.cloudflare.com/ajax/libs/font-awesome/7.0.0/css/all.min.css]
[unpkg.com/boxicons@2.1.2/css/boxicons.min.css]
[cdn.jsdelivr.net/gh/michalsnik/aos@1.0.1/dist/aos.css]
[unpkg.com/aos@2.3.0/dist/aos.css]
[cdnjs.cloudflare.com/ajax/libs/fancybox/3.5.7/jquery.fancybox.min.css]
[cdn.jsdelivr.net/npm/bootstrap@5.0.1/dist/css/bootstrap.min.css]
[cdn.jsdelivr.net/npm/swiper@9/swiper-bundle.min.css]
[static.zdassets.com/ekr/snippet82a7.js]
[cdnjs.cloudflare.com/ajax/libs/OwlCarousel2/2.3.4/assets/owl.carousel.min.css]
[cdnjs.cloudflare.com/ajax/libs/OwlCarousel2/2.3.4/assets/owl.video.play.png]
[webcoredigitals.com/assets/images/ban-lft-bg.png]
[webcoredigitals.com/assets/images/ban-rgt-bg.png]
[webcoredigitals.com/assets/images/banner-before.png]
[webcoredigitals.com/assets/images/banner-after.png]
[webcoredigitals.com/assets/images/about-before.png]
[webcoredigitals.com/assets/images/about-head-after.png]
[webcoredigitals.com/assets/images/about-after.png]
[webcoredigitals.com/assets/images/services-before.png]
[webcoredigitals.com/assets/images/services-after.png]
[webcoredigitals.com/assets/images/choose-after.png]
[webcoredigitals.com/assets/images/portfolio-bg.png]
[webcoredigitals.com/assets/images/portfolio-after.png]
[webcoredigitals.com/assets/images/video-icon.png]
[webcoredigitals.com/assets/images/contact-bg.png]
[webcoredigitals.com/assets/images/footer-bg.png]
[webcoredigitals.com/assets/images/footer-before.png]
[webcoredigitals.com/assets/images/footer-after.png]
[webcoredigitals.com/assets/images/inner-banner-before.png]
[webcoredigitals.com/assets/images/inner-banner-after.png]
[webcoredigitals.com/assets/images/seo-showcase-before.png]
[webcoredigitals.com/assets/images/services-cta-ng.png]
[webcoredigitals.com/assets/images/content-cta-bg.png]
[webcoredigitals.com/assets/css/style.css]
[webcoredigitals.com/assets/css/responsive.css]
[www.googletagmanager.com/gtm5445.html]
[webcoredigitals.com/assets/images/about-page-img.png]
[webcoredigitals.com/assets/images/process-head.png]
[webcoredigitals.com/assets/images/process-icon1.png]
[webcoredigitals.com/assets/images/process-icon2.png]
[webcoredigitals.com/assets/images/process-icon3.png]
[webcoredigitals.com/assets/images/process-icon4.png]
[webcoredigitals.com/assets/images/process-icon5.png]
[webcoredigitals.com/about-us.html]
[webcoredigitals.com/assets/images/services-img1.png]
[webcoredigitals.com/assets/images/services-img2.png]
[webcoredigitals.com/assets/images/services-img3.png]
[webcoredigitals.com/assets/images/services-img4.png]
[webcoredigitals.com/assets/images/services-img5.png]
[webcoredigitals.com/assets/images/services-img6.png]
[webcoredigitals.com/assets/images/services-img8.png]
[webcoredigitals.com/assets/images/services-img9.png]
[webcoredigitals.com/services.html]
[webcoredigitals.com/assets/images/logo-heading.png]
[webcoredigitals.com/assets/images/logo-page-img1.jpg]
[webcoredigitals.com/assets/images/logo-page-identity1.jpg]
[webcoredigitals.com/assets/images/logo-page-identity2.jpg]
[webcoredigitals.com/assets/images/logo-page-identity3.jpg]
[webcoredigitals.com/assets/images/logo-page-identity4.jpg]
[webcoredigitals.com/assets/images/logo-page-identity5.jpg]
[webcoredigitals.com/assets/images/logo-page-identity6.jpg]
[webcoredigitals.com/assets/images/logo-page-img2.jpg]
[webcoredigitals.com/assets/images/logo-page-img3.jpg]
[webcoredigitals.com/logo-and-branding.html]
[webcoredigitals.com/assets/images/website-heading.png]
[webcoredigitals.com/assets/images/web-about.png]
[webcoredigitals.com/assets/images/showcase-webs.png]
[webcoredigitals.com/assets/images/web-offer-img.png]
[webcoredigitals.com/assets/images/portfolio/logo/02.webp]
[webcoredigitals.com/assets/images/portfolio/logo/04.webp]
[webcoredigitals.com/assets/images/portfolio/logo/05.webp]
[webcoredigitals.com/assets/images/portfolio/logo/06.webp]
[webcoredigitals.com/assets/images/portfolio/logo/08.webp]
[webcoredigitals.com/web-design.html]
[webcoredigitals.com/assets/images/animation-heading.png]
[webcoredigitals.com/assets/images/animation-about.png]
[webcoredigitals.com/assets/images/animation-offer-img.png]
[webcoredigitals.com/animation.html]
[webcoredigitals.com/assets/images/mobile-heading.png]
[webcoredigitals.com/assets/images/mobile-about.png]
[webcoredigitals.com/assets/images/mobile-showcase.png]
[webcoredigitals.com/assets/images/mobile-offer-img.png]
[webcoredigitals.com/mobile-application.html]
[webcoredigitals.com/assets/images/seo-heading.png]
[webcoredigitals.com/assets/images/seo-about.png]
[webcoredigitals.com/assets/images/seo-showcase.png]
[webcoredigitals.com/assets/images/seo-offer-img.png]
[webcoredigitals.com/seo.html]
[webcoredigitals.com/assets/images/illustration-heading.png]
[webcoredigitals.com/assets/images/illustration-about.png]
[webcoredigitals.com/assets/images/illustration-showcase1.png]
[webcoredigitals.com/assets/images/illustration-showcase2.png]
[webcoredigitals.com/assets/images/illustration-showcase3.png]
[webcoredigitals.com/assets/images/illustration-showcase4.png]
[webcoredigitals.com/assets/images/illustration-showcase5.png]
[webcoredigitals.com/assets/images/illustration-offer-img.png]
[webcoredigitals.com/assets/images/illustration-choose-img.png]
[webcoredigitals.com/illustration-and-art.html]
[webcoredigitals.com/assets/images/content-heading.png]
[webcoredigitals.com/assets/images/content-about.png]
[webcoredigitals.com/assets/images/content-choose-img.png]
[webcoredigitals.com/assets/images/content-offer-img.png]
[webcoredigitals.com/content-marketing.html]
[webcoredigitals.com/assets/images/bpo-heading.png]
[webcoredigitals.com/assets/images/bpo-about.png]
[webcoredigitals.com/packages-2.html]
[webcoredigitals.com/assets/images/bpo-offer-img.png]
[webcoredigitals.com/bpo-services.html]
[webcoredigitals.com/assets/images/video animation.png]
[webcoredigitals.com/assets/images/video-ani-1.png]
[webcoredigitals.com/assets/images/video-ani-2.png]
[webcoredigitals.com/assets/images/video-ani-3.png]
[webcoredigitals.com/video-animation.html]
[webcoredigitals.com/assets/images/Digital marketing.png]
[webcoredigitals.com/assets/images/digital-mar-1.png]
[webcoredigitals.com/assets/images/digital-mar-2.png]
[webcoredigitals.com/assets/images/digital-mar-3.png]
[webcoredigitals.com/digital-marketing.html]
[webcoredigitals.com/assets/images/portfolio-heading.png]
[webcoredigitals.com/portfolio.html]
[webcoredigitals.com/assets/images/pricing-heading.png]
[webcoredigitals.com/assets/images/choose-package-img.png]
[webcoredigitals.com/packages.html]
[webcoredigitals.com/top5-brand-identity-design-services-every-business-needs.html]
[webcoredigitals.com/assets/images/blogs/blog1-img1.webp]
[webcoredigitals.com/expert-tips-for-choosing-the-right-small-business-website-design-service.html]
[webcoredigitals.com/assets/images/blogs/blog2-img1.webp]
[webcoredigitals.com/why-motion-graphics-services-are-a-game-changer-for-your-brand.html]
[webcoredigitals.com/assets/images/blogs/blog3-img1.webp]
[webcoredigitals.com/why-custom-mobile-application-development-is-a-smart-investment-for-your-business.html]
[webcoredigitals.com/assets/images/blogs/blog4-img1.webp]
[webcoredigitals.com/how-to-choose-the-right-seo-services-for-a-small-business.html]
[webcoredigitals.com/assets/images/blogs/blog5-img1.webp]
[webcoredigitals.com/content-marketing-strategy-services-the-key-to-long-term-business-success.html]
[webcoredigitals.com/assets/images/blogs/blog6-img1.webp]
[webcoredigitals.com/blog.html]
[webcoredigitals.com/assets/images/contact-heading.png]
[webcoredigitals.com/contact-us.html]
[webcoredigitals.com/about-us-2.html]
[webcoredigitals.com/logo-and-branding-2.html]
[webcoredigitals.com/web-design-2.html]
[webcoredigitals.com/animation-2.html]
[webcoredigitals.com/mobile-application-2.html]
[webcoredigitals.com/seo-2.html]
[webcoredigitals.com/content-marketing-2.html]
[webcoredigitals.com/services-2.html]
[webcoredigitals.com/portfolio-2.html]
[webcoredigitals.com/contact-us-2.html]
[webcoredigitals.com/assets/images/terms-heading.png]
[webcoredigitals.com/termsandconditions.html]
[webcoredigitals.com/assets/images/privacy-heading.png]
[webcoredigitals.com/privacy-policy.html]
[webcoredigitals.com/packages-2.html]
[webcoredigitals.com/assets/images/blogs/blog1-img2.webp]
[webcoredigitals.com/top5-brand-identity-design-services-every-business-needs.html]
[webcoredigitals.com/assets/images/blogs/blog2-img2.webp]
[webcoredigitals.com/expert-tips-for-choosing-the-right-small-business-website-design-service.html]
[webcoredigitals.com/assets/images/blogs/blog3-img2.webp]
[webcoredigitals.com/why-motion-graphics-services-are-a-game-changer-for-your-brand.html]
[webcoredigitals.com/assets/images/blogs/blog4-img2.webp]
[webcoredigitals.com/assets/images/blogs/blog4-img3.webp]
[webcoredigitals.com/why-custom-mobile-application-development-is-a-smart-investment-for-your-business.html]
[webcoredigitals.com/how-to-choose-the-right-seo-services-for-a-small-business.html]
[webcoredigitals.com/assets/images/blogs/blog6-img2.webp]
[webcoredigitals.com/assets/images/blogs/blog6-img3.webp]
[webcoredigitals.com/content-marketing-strategy-services-the-key-to-long-term-business-success.html]
